2025-04-17 13:41:38,635 INFO o.a.j.u.JMeterUtils: Setting Locale to en_EN
2025-04-17 13:41:38,710 INFO o.a.j.JMeter: Loading user properties from: C:\Users\av542\Downloads\apache-jmeter-5.6.3\apache-jmeter-5.6.3\bin\user.properties
2025-04-17 13:41:38,711 INFO o.a.j.JMeter: Loading system properties from: C:\Users\av542\Downloads\apache-jmeter-5.6.3\apache-jmeter-5.6.3\bin\system.properties
2025-04-17 13:41:38,724 INFO o.a.j.JMeter: Copyright (c) 1998-2024 The Apache Software Foundation
2025-04-17 13:41:38,724 INFO o.a.j.JMeter: Version 5.6.3
2025-04-17 13:41:38,724 INFO o.a.j.JMeter: java.version=21.0.6
2025-04-17 13:41:38,724 INFO o.a.j.JMeter: java.vm.name=Java HotSpot(TM) 64-Bit Server VM
2025-04-17 13:41:38,724 INFO o.a.j.JMeter: os.name=Windows 11
2025-04-17 13:41:38,725 INFO o.a.j.JMeter: os.arch=amd64
2025-04-17 13:41:38,725 INFO o.a.j.JMeter: os.version=10.0
2025-04-17 13:41:38,726 INFO o.a.j.JMeter: file.encoding=UTF-8
2025-04-17 13:41:38,726 INFO o.a.j.JMeter: java.awt.headless=null
2025-04-17 13:41:38,726 INFO o.a.j.JMeter: Max memory     =1073741824
2025-04-17 13:41:38,726 INFO o.a.j.JMeter: Available Processors =12
2025-04-17 13:41:38,742 INFO o.a.j.JMeter: Default Locale=English (EN)
2025-04-17 13:41:38,742 INFO o.a.j.JMeter: JMeter  Locale=English (EN)
2025-04-17 13:41:38,742 INFO o.a.j.JMeter: JMeterHome=C:\Users\av542\Downloads\apache-jmeter-5.6.3\apache-jmeter-5.6.3
2025-04-17 13:41:38,742 INFO o.a.j.JMeter: user.dir  =D:\projects\WEBSERVER
2025-04-17 13:41:38,743 INFO o.a.j.JMeter: PWD       =D:\projects\WEBSERVER
2025-04-17 13:41:38,750 INFO o.a.j.JMeter: IP: 192.168.29.79 Name: MSI FullName: MSI
2025-04-17 13:41:38,770 INFO o.a.j.JMeter: Loaded icon properties from org/apache/jmeter/images/icon.properties
2025-04-17 13:41:39,113 INFO o.a.j.JMeterGuiLauncher: Setting LAF to: com.github.weisj.darklaf.DarkLaf:com.github.weisj.darklaf.theme.DarculaTheme
